<?xml version="1.0" encoding="UTF-8"?>
<!-- Generated by org.testng.reporters.JUnitXMLReporter -->
<testsuite hostname="7SGLR9X07CV" name="Default test" tests="4" failures="0" timestamp="12 Jul 2016 18:57:06 GMT" time="0.065" errors="0">
  <testcase name="testAdd" time="0.007" classname="test.PhoneBookTest"/>
  <testcase name="testGroup" time="0.002" classname="test.PhoneBookTest"/>
  <testcase name="testSearchByName" time="0.002" classname="test.PhoneBookTest"/>
  <testcase name="testSortByName" time="0.002" classname="test.PhoneBookTest"/>
</testsuite> <!-- Default test -->
